This is pdfTeX, Version 3.141592653-2.6-1.40.24 (TeX Live 2022) (preloaded format=pdflatex 2023.3.2)  6 OCT 2023 12:25
entering extended mode
 restricted \write18 enabled.
 %&-line parsing enabled.
**changeforarxiv.tex
(./changeforarxiv.tex
LaTeX2e <2021-11-15> patch level 1
L3 programming layer <2022-02-24>
(/usr/local/texlive/2022/texmf-dist/tex/latex/base/article.cls
Document Class: article 2021/10/04 v1.4n Standard LaTeX document class
(/usr/local/texlive/2022/texmf-dist/tex/latex/base/size10.clo
File: size10.clo 2021/10/04 v1.4n Standard LaTeX file (size option)
)
\c@part=\count185
\c@section=\count186
\c@subsection=\count187
\c@subsubsection=\count188
\c@paragraph=\count189
\c@subparagraph=\count190
\c@figure=\count191
\c@table=\count192
\abovecaptionskip=\skip47
\belowcaptionskip=\skip48
\bibindent=\dimen138
)
(/usr/local/texlive/2022/texmf-dist/tex/latex/hyperref/hyperref.sty
Package: hyperref 2022-02-21 v7.00n Hypertext links for LaTeX

(/usr/local/texlive/2022/texmf-dist/tex/generic/ltxcmds/ltxcmds.sty
Package: ltxcmds 2020-05-10 v1.25 LaTeX kernel commands for general use (HO)
)
(/usr/local/texlive/2022/texmf-dist/tex/generic/iftex/iftex.sty
Package: iftex 2022/02/03 v1.0f TeX engine tests
)
(/usr/local/texlive/2022/texmf-dist/tex/generic/pdftexcmds/pdftexcmds.sty
Package: pdftexcmds 2020-06-27 v0.33 Utility functions of pdfTeX for LuaTeX (HO
)

(/usr/local/texlive/2022/texmf-dist/tex/generic/infwarerr/infwarerr.sty
Package: infwarerr 2019/12/03 v1.5 Providing info/warning/error messages (HO)
)
Package pdftexcmds Info: \pdf@primitive is available.
Package pdftexcmds Info: \pdf@ifprimitive is available.
Package pdftexcmds Info: \pdfdraftmode found.
)
(/usr/local/texlive/2022/texmf-dist/tex/latex/graphics/keyval.sty
Package: keyval 2014/10/28 v1.15 key=value parser (DPC)
\KV@toks@=\toks16
)
(/usr/local/texlive/2022/texmf-dist/tex/generic/kvsetkeys/kvsetkeys.sty
Package: kvsetkeys 2019/12/15 v1.18 Key value parser (HO)
)
(/usr/local/texlive/2022/texmf-dist/tex/generic/kvdefinekeys/kvdefinekeys.sty
Package: kvdefinekeys 2019-12-19 v1.6 Define keys (HO)
)
(/usr/local/texlive/2022/texmf-dist/tex/generic/pdfescape/pdfescape.sty
Package: pdfescape 2019/12/09 v1.15 Implements pdfTeX's escape features (HO)
)
(/usr/local/texlive/2022/texmf-dist/tex/latex/hycolor/hycolor.sty
Package: hycolor 2020-01-27 v1.10 Color options for hyperref/bookmark (HO)
)
(/usr/local/texlive/2022/texmf-dist/tex/latex/letltxmacro/letltxmacro.sty
Package: letltxmacro 2019/12/03 v1.6 Let assignment for LaTeX macros (HO)
)
(/usr/local/texlive/2022/texmf-dist/tex/latex/auxhook/auxhook.sty
Package: auxhook 2019-12-17 v1.6 Hooks for auxiliary files (HO)
)
(/usr/local/texlive/2022/texmf-dist/tex/latex/kvoptions/kvoptions.sty
Package: kvoptions 2020-10-07 v3.14 Key value format for package options (HO)
)
\@linkdim=\dimen139
\Hy@linkcounter=\count193
\Hy@pagecounter=\count194

(/usr/local/texlive/2022/texmf-dist/tex/latex/hyperref/pd1enc.def
File: pd1enc.def 2022-02-21 v7.00n Hyperref: PDFDocEncoding definition (HO)
Now handling font encoding PD1 ...
... no UTF-8 mapping file for font encoding PD1
)
(/usr/local/texlive/2022/texmf-dist/tex/generic/intcalc/intcalc.sty
Package: intcalc 2019/12/15 v1.3 Expandable calculations with integers (HO)
)
(/usr/local/texlive/2022/texmf-dist/tex/generic/etexcmds/etexcmds.sty
Package: etexcmds 2019/12/15 v1.7 Avoid name clashes with e-TeX commands (HO)
)
\Hy@SavedSpaceFactor=\count195

(/usr/local/texlive/2022/texmf-dist/tex/latex/hyperref/puenc.def
File: puenc.def 2022-02-21 v7.00n Hyperref: PDF Unicode definition (HO)
Now handling font encoding PU ...
... no UTF-8 mapping file for font encoding PU
)
Package hyperref Info: Hyper figures OFF on input line 4137.
Package hyperref Info: Link nesting OFF on input line 4142.
Package hyperref Info: Hyper index ON on input line 4145.
Package hyperref Info: Plain pages OFF on input line 4152.
Package hyperref Info: Backreferencing OFF on input line 4157.
Package hyperref Info: Implicit mode ON; LaTeX internals redefined.
Package hyperref Info: Bookmarks ON on input line 4390.
\c@Hy@tempcnt=\count196

(/usr/local/texlive/2022/texmf-dist/tex/latex/url/url.sty
\Urlmuskip=\muskip16
Package: url 2013/09/16  ver 3.4  Verb mode for urls, etc.
)
LaTeX Info: Redefining \url on input line 4749.
\XeTeXLinkMargin=\dimen140

(/usr/local/texlive/2022/texmf-dist/tex/generic/bitset/bitset.sty
Package: bitset 2019/12/09 v1.3 Handle bit-vector datatype (HO)

(/usr/local/texlive/2022/texmf-dist/tex/generic/bigintcalc/bigintcalc.sty
Package: bigintcalc 2019/12/15 v1.5 Expandable calculations on big integers (HO
)
))
\Fld@menulength=\count197
\Field@Width=\dimen141
\Fld@charsize=\dimen142
Package hyperref Info: Hyper figures OFF on input line 6027.
Package hyperref Info: Link nesting OFF on input line 6032.
Package hyperref Info: Hyper index ON on input line 6035.
Package hyperref Info: backreferencing OFF on input line 6042.
Package hyperref Info: Link coloring OFF on input line 6047.
Package hyperref Info: Link coloring with OCG OFF on input line 6052.
Package hyperref Info: PDF/A mode OFF on input line 6057.
LaTeX Info: Redefining \ref on input line 6097.
LaTeX Info: Redefining \pageref on input line 6101.

(/usr/local/texlive/2022/texmf-dist/tex/latex/base/atbegshi-ltx.sty
Package: atbegshi-ltx 2021/01/10 v1.0c Emulation of the original atbegshi
package with kernel methods
)
\Hy@abspage=\count198
\c@Item=\count199
\c@Hfootnote=\count266
)
Package hyperref Info: Driver (autodetected): hpdftex.

(/usr/local/texlive/2022/texmf-dist/tex/latex/hyperref/hpdftex.def
File: hpdftex.def 2022-02-21 v7.00n Hyperref driver for pdfTeX

(/usr/local/texlive/2022/texmf-dist/tex/latex/base/atveryend-ltx.sty
Package: atveryend-ltx 2020/08/19 v1.0a Emulation of the original atveryend pac
kage
with kernel methods
)
\Fld@listcount=\count267
\c@bookmark@seq@number=\count268

(/usr/local/texlive/2022/texmf-dist/tex/latex/rerunfilecheck/rerunfilecheck.sty
Package: rerunfilecheck 2019/12/05 v1.9 Rerun checks for auxiliary files (HO)

(/usr/local/texlive/2022/texmf-dist/tex/generic/uniquecounter/uniquecounter.sty
Package: uniquecounter 2019/12/15 v1.4 Provide unlimited unique counter (HO)
)
Package uniquecounter Info: New unique counter `rerunfilecheck' on input line 2
86.
)
\Hy@SectionHShift=\skip49
) (/usr/local/texlive/2022/texmf-dist/tex/latex/pdfpages/pdfpages.sty
Package: pdfpages 2022/01/29 v0.5u Insert pages of external PDF documents (AM)

(/usr/local/texlive/2022/texmf-dist/tex/latex/base/ifthen.sty
Package: ifthen 2020/11/24 v1.1c Standard LaTeX ifthen package (DPC)
)
(/usr/local/texlive/2022/texmf-dist/tex/latex/tools/calc.sty
Package: calc 2017/05/25 v4.3 Infix arithmetic (KKT,FJ)
\calc@Acount=\count269
\calc@Bcount=\count270
\calc@Adimen=\dimen143
\calc@Bdimen=\dimen144
\calc@Askip=\skip50
\calc@Bskip=\skip51
LaTeX Info: Redefining \setlength on input line 80.
LaTeX Info: Redefining \addtolength on input line 81.
\calc@Ccount=\count271
\calc@Cskip=\skip52
)
(/usr/local/texlive/2022/texmf-dist/tex/latex/eso-pic/eso-pic.sty
Package: eso-pic 2020/10/14 v3.0a eso-pic (RN)
\ESO@tempdima=\dimen145
\ESO@tempdimb=\dimen146

(/usr/local/texlive/2022/texmf-dist/tex/latex/xcolor/xcolor.sty
Package: xcolor 2021/10/31 v2.13 LaTeX color extensions (UK)

(/usr/local/texlive/2022/texmf-dist/tex/latex/graphics-cfg/color.cfg
File: color.cfg 2016/01/02 v1.6 sample color configuration
)
Package xcolor Info: Driver file: pdftex.def on input line 227.

(/usr/local/texlive/2022/texmf-dist/tex/latex/graphics-def/pdftex.def
File: pdftex.def 2020/10/05 v1.2a Graphics/color driver for pdftex
)
Package xcolor Info: Model `cmy' substituted by `cmy0' on input line 1352.
Package xcolor Info: Model `hsb' substituted by `rgb' on input line 1356.
Package xcolor Info: Model `RGB' extended on input line 1368.
Package xcolor Info: Model `HTML' substituted by `rgb' on input line 1370.
Package xcolor Info: Model `Hsb' substituted by `hsb' on input line 1371.
Package xcolor Info: Model `tHsb' substituted by `hsb' on input line 1372.
Package xcolor Info: Model `HSB' substituted by `hsb' on input line 1373.
Package xcolor Info: Model `Gray' substituted by `gray' on input line 1374.
Package xcolor Info: Model `wave' substituted by `hsb' on input line 1375.
))
(/usr/local/texlive/2022/texmf-dist/tex/latex/graphics/graphicx.sty
Package: graphicx 2021/09/16 v1.2d Enhanced LaTeX Graphics (DPC,SPQR)

(/usr/local/texlive/2022/texmf-dist/tex/latex/graphics/graphics.sty
Package: graphics 2021/03/04 v1.4d Standard LaTeX Graphics (DPC,SPQR)

(/usr/local/texlive/2022/texmf-dist/tex/latex/graphics/trig.sty
Package: trig 2021/08/11 v1.11 sin cos tan (DPC)
)
(/usr/local/texlive/2022/texmf-dist/tex/latex/graphics-cfg/graphics.cfg
File: graphics.cfg 2016/06/04 v1.11 sample graphics configuration
)
Package graphics Info: Driver file: pdftex.def on input line 107.
)
\Gin@req@height=\dimen147
\Gin@req@width=\dimen148
)
\AM@pagewidth=\dimen149
\AM@pageheight=\dimen150
\AM@fboxrule=\dimen151

(/usr/local/texlive/2022/texmf-dist/tex/latex/pdfpages/pppdftex.def
File: pppdftex.def 2022/01/29 v0.5u Pdfpages driver for pdfTeX (AM)
)
\pdfpages@includegraphics@status=\count272
\AM@pagebox=\box50
\AM@global@opts=\toks17
\AM@pagecnt=\count273
\AM@toc@title=\toks18
\c@AM@survey=\count274
\AM@templatesizebox=\box51
)
(/usr/local/texlive/2022/texmf-dist/tex/latex/l3backend/l3backend-pdftex.def
File: l3backend-pdftex.def 2022-02-07 L3 backend support: PDF output (pdfTeX)
\l__color_backend_stack_int=\count275
\l__pdf_internal_box=\box52
)

LaTeX Warning: Unused global option(s):
    [letter].

(./changeforarxiv.aux)
\openout1 = `changeforarxiv.aux'.

LaTeX Font Info:    Checking defaults for OML/cmm/m/it on input line 12.
LaTeX Font Info:    ... okay on input line 12.
LaTeX Font Info:    Checking defaults for OMS/cmsy/m/n on input line 12.
LaTeX Font Info:    ... okay on input line 12.
LaTeX Font Info:    Checking defaults for OT1/cmr/m/n on input line 12.
LaTeX Font Info:    ... okay on input line 12.
LaTeX Font Info:    Checking defaults for T1/cmr/m/n on input line 12.
LaTeX Font Info:    ... okay on input line 12.
LaTeX Font Info:    Checking defaults for TS1/cmr/m/n on input line 12.
LaTeX Font Info:    ... okay on input line 12.
LaTeX Font Info:    Checking defaults for OMX/cmex/m/n on input line 12.
LaTeX Font Info:    ... okay on input line 12.
LaTeX Font Info:    Checking defaults for U/cmr/m/n on input line 12.
LaTeX Font Info:    ... okay on input line 12.
LaTeX Font Info:    Checking defaults for PD1/pdf/m/n on input line 12.
LaTeX Font Info:    ... okay on input line 12.
LaTeX Font Info:    Checking defaults for PU/pdf/m/n on input line 12.
LaTeX Font Info:    ... okay on input line 12.
Package hyperref Info: Link coloring OFF on input line 12.

(/usr/local/texlive/2022/texmf-dist/tex/latex/hyperref/nameref.sty
Package: nameref 2021-04-02 v2.47 Cross-referencing by name of section

(/usr/local/texlive/2022/texmf-dist/tex/latex/refcount/refcount.sty
Package: refcount 2019/12/15 v3.6 Data extraction from label references (HO)
)
(/usr/local/texlive/2022/texmf-dist/tex/generic/gettitlestring/gettitlestring.s
ty
Package: gettitlestring 2019/12/15 v1.6 Cleanup title references (HO)
)
\c@section@level=\count276
)
LaTeX Info: Redefining \ref on input line 12.
LaTeX Info: Redefining \pageref on input line 12.
LaTeX Info: Redefining \nameref on input line 12.
 (./changeforarxiv.out) (./changeforarxiv.out)
\@outlinefile=\write3
\openout3 = `changeforarxiv.out'.


(/usr/local/texlive/2022/texmf-dist/tex/context/base/mkii/supp-pdf.mkii
[Loading MPS to PDF converter (version 2006.09.02).]
\scratchcounter=\count277
\scratchdimen=\dimen152
\scratchbox=\box53
\nofMPsegments=\count278
\nofMParguments=\count279
\everyMPshowfont=\toks19
\MPscratchCnt=\count280
\MPscratchDim=\dimen153
\MPnumerator=\count281
\makeMPintoPDFobject=\count282
\everyMPtoPDFconversion=\toks20
) (/usr/local/texlive/2022/texmf-dist/tex/latex/epstopdf-pkg/epstopdf-base.sty
Package: epstopdf-base 2020-01-24 v2.11 Base part for package epstopdf
Package epstopdf-base Info: Redefining graphics rule for `.eps' on input line 4
85.

(/usr/local/texlive/2022/texmf-dist/tex/latex/latexconfig/epstopdf-sys.cfg
File: epstopdf-sys.cfg 2010/07/13 v1.3 Configuration of (r)epstopdf for TeX Liv
e
))
(/usr/local/texlive/2022/texmf-dist/tex/latex/pdflscape/pdflscape.sty
Package: pdflscape 2019/12/05 v0.12 Display of landscape pages in PDF (HO)

(/usr/local/texlive/2022/texmf-dist/tex/latex/graphics/lscape.sty
Package: lscape 2020/05/28 v3.02 Landscape Pages (DPC)
)
Package pdflscape Info: Auto-detected driver: pdftex on input line 81.
)
<serverless_cost.pdf, id=4, 614.295pt x 794.97pt>
File: serverless_cost.pdf Graphic file (type pdf)
<use serverless_cost.pdf>
Package pdftex.def Info: serverless_cost.pdf  used on input line 13.
(pdftex.def)             Requested size: 614.29349pt x 794.96806pt.
File: serverless_cost.pdf Graphic file (type pdf)
<use serverless_cost.pdf>
Package pdftex.def Info: serverless_cost.pdf  used on input line 13.
(pdftex.def)             Requested size: 614.29349pt x 794.96806pt.
<serverless_cost.pdf, id=7, page=1, 614.295pt x 794.97pt>
File: serverless_cost.pdf Graphic file (type pdf)
<use serverless_cost.pdf, page 1>
Package pdftex.def Info: serverless_cost.pdf , page1 used on input line 13.
(pdftex.def)             Requested size: 614.29349pt x 794.96806pt.
File: serverless_cost.pdf Graphic file (type pdf)
<use serverless_cost.pdf, page 1>
Package pdftex.def Info: serverless_cost.pdf , page1 used on input line 13.
(pdftex.def)             Requested size: 614.58406pt x 795.3441pt.
File: serverless_cost.pdf Graphic file (type pdf)
<use serverless_cost.pdf, page 1>
Package pdftex.def Info: serverless_cost.pdf , page1 used on input line 13.
(pdftex.def)             Requested size: 614.58406pt x 795.3441pt.
File: serverless_cost.pdf Graphic file (type pdf)
<use serverless_cost.pdf, page 1>
Package pdftex.def Info: serverless_cost.pdf , page1 used on input line 13.
(pdftex.def)             Requested size: 614.58406pt x 795.3441pt.
File: serverless_cost.pdf Graphic file (type pdf)
<use serverless_cost.pdf, page 1>
Package pdftex.def Info: serverless_cost.pdf , page1 used on input line 13.
(pdftex.def)             Requested size: 614.58406pt x 795.3441pt.
 [1

 <./serverless_cost.pdf{/usr/local/texlive/2022/texmf-var/fonts/map/pdftex/updm
ap/pdftex.map}>]
<serverless_cost.pdf, id=53, page=2, 614.295pt x 794.97pt>
File: serverless_cost.pdf Graphic file (type pdf)
<use serverless_cost.pdf, page 2>
Package pdftex.def Info: serverless_cost.pdf , page2 used on input line 13.
(pdftex.def)             Requested size: 614.58406pt x 795.3441pt.
File: serverless_cost.pdf Graphic file (type pdf)
<use serverless_cost.pdf, page 2>
Package pdftex.def Info: serverless_cost.pdf , page2 used on input line 13.
(pdftex.def)             Requested size: 614.58406pt x 795.3441pt.
File: serverless_cost.pdf Graphic file (type pdf)
<use serverless_cost.pdf, page 2>
Package pdftex.def Info: serverless_cost.pdf , page2 used on input line 13.
(pdftex.def)             Requested size: 614.58406pt x 795.3441pt.
 [2 <./serverless_cost.pdf>]
<serverless_cost.pdf, id=70, page=3, 614.295pt x 794.97pt>
File: serverless_cost.pdf Graphic file (type pdf)
<use serverless_cost.pdf, page 3>
Package pdftex.def Info: serverless_cost.pdf , page3 used on input line 13.
(pdftex.def)             Requested size: 614.58406pt x 795.3441pt.
File: serverless_cost.pdf Graphic file (type pdf)
<use serverless_cost.pdf, page 3>
Package pdftex.def Info: serverless_cost.pdf , page3 used on input line 13.
(pdftex.def)             Requested size: 614.58406pt x 795.3441pt.
File: serverless_cost.pdf Graphic file (type pdf)
<use serverless_cost.pdf, page 3>
Package pdftex.def Info: serverless_cost.pdf , page3 used on input line 13.
(pdftex.def)             Requested size: 614.58406pt x 795.3441pt.
 [3 <./serverless_cost.pdf>]
<serverless_cost.pdf, id=93, page=4, 614.295pt x 794.97pt>
File: serverless_cost.pdf Graphic file (type pdf)
<use serverless_cost.pdf, page 4>
Package pdftex.def Info: serverless_cost.pdf , page4 used on input line 13.
(pdftex.def)             Requested size: 614.58406pt x 795.3441pt.
File: serverless_cost.pdf Graphic file (type pdf)
<use serverless_cost.pdf, page 4>
Package pdftex.def Info: serverless_cost.pdf , page4 used on input line 13.
(pdftex.def)             Requested size: 614.58406pt x 795.3441pt.
File: serverless_cost.pdf Graphic file (type pdf)
<use serverless_cost.pdf, page 4>
Package pdftex.def Info: serverless_cost.pdf , page4 used on input line 13.
(pdftex.def)             Requested size: 614.58406pt x 795.3441pt.
 [4 <./serverless_cost.pdf>]
<serverless_cost.pdf, id=119, page=5, 614.295pt x 794.97pt>
File: serverless_cost.pdf Graphic file (type pdf)
<use serverless_cost.pdf, page 5>
Package pdftex.def Info: serverless_cost.pdf , page5 used on input line 13.
(pdftex.def)             Requested size: 614.58406pt x 795.3441pt.
File: serverless_cost.pdf Graphic file (type pdf)
<use serverless_cost.pdf, page 5>
Package pdftex.def Info: serverless_cost.pdf , page5 used on input line 13.
(pdftex.def)             Requested size: 614.58406pt x 795.3441pt.
File: serverless_cost.pdf Graphic file (type pdf)
<use serverless_cost.pdf, page 5>
Package pdftex.def Info: serverless_cost.pdf , page5 used on input line 13.
(pdftex.def)             Requested size: 614.58406pt x 795.3441pt.
 [5 <./serverless_cost.pdf>]
<serverless_cost.pdf, id=124, page=6, 614.295pt x 794.97pt>
File: serverless_cost.pdf Graphic file (type pdf)
<use serverless_cost.pdf, page 6>
Package pdftex.def Info: serverless_cost.pdf , page6 used on input line 13.
(pdftex.def)             Requested size: 614.58406pt x 795.3441pt.
File: serverless_cost.pdf Graphic file (type pdf)
<use serverless_cost.pdf, page 6>
Package pdftex.def Info: serverless_cost.pdf , page6 used on input line 13.
(pdftex.def)             Requested size: 614.58406pt x 795.3441pt.
File: serverless_cost.pdf Graphic file (type pdf)
<use serverless_cost.pdf, page 6>
Package pdftex.def Info: serverless_cost.pdf , page6 used on input line 13.
(pdftex.def)             Requested size: 614.58406pt x 795.3441pt.
 [6 <./serverless_cost.pdf>]
<serverless_cost.pdf, id=135, page=7, 614.295pt x 794.97pt>
File: serverless_cost.pdf Graphic file (type pdf)
<use serverless_cost.pdf, page 7>
Package pdftex.def Info: serverless_cost.pdf , page7 used on input line 13.
(pdftex.def)             Requested size: 614.58406pt x 795.3441pt.
File: serverless_cost.pdf Graphic file (type pdf)
<use serverless_cost.pdf, page 7>
Package pdftex.def Info: serverless_cost.pdf , page7 used on input line 13.
(pdftex.def)             Requested size: 614.58406pt x 795.3441pt.
File: serverless_cost.pdf Graphic file (type pdf)
<use serverless_cost.pdf, page 7>
Package pdftex.def Info: serverless_cost.pdf , page7 used on input line 13.
(pdftex.def)             Requested size: 614.58406pt x 795.3441pt.
 [7 <./serverless_cost.pdf>]
<serverless_cost.pdf, id=142, page=8, 614.295pt x 794.97pt>
File: serverless_cost.pdf Graphic file (type pdf)
<use serverless_cost.pdf, page 8>
Package pdftex.def Info: serverless_cost.pdf , page8 used on input line 13.
(pdftex.def)             Requested size: 614.58406pt x 795.3441pt.
File: serverless_cost.pdf Graphic file (type pdf)
<use serverless_cost.pdf, page 8>
Package pdftex.def Info: serverless_cost.pdf , page8 used on input line 13.
(pdftex.def)             Requested size: 614.58406pt x 795.3441pt.
File: serverless_cost.pdf Graphic file (type pdf)
<use serverless_cost.pdf, page 8>
Package pdftex.def Info: serverless_cost.pdf , page8 used on input line 13.
(pdftex.def)             Requested size: 614.58406pt x 795.3441pt.
 [8 <./serverless_cost.pdf>]
<serverless_cost.pdf, id=174, page=9, 614.295pt x 794.97pt>
File: serverless_cost.pdf Graphic file (type pdf)
<use serverless_cost.pdf, page 9>
Package pdftex.def Info: serverless_cost.pdf , page9 used on input line 13.
(pdftex.def)             Requested size: 614.58406pt x 795.3441pt.
File: serverless_cost.pdf Graphic file (type pdf)
<use serverless_cost.pdf, page 9>
Package pdftex.def Info: serverless_cost.pdf , page9 used on input line 13.
(pdftex.def)             Requested size: 614.58406pt x 795.3441pt.
File: serverless_cost.pdf Graphic file (type pdf)
<use serverless_cost.pdf, page 9>
Package pdftex.def Info: serverless_cost.pdf , page9 used on input line 13.
(pdftex.def)             Requested size: 614.58406pt x 795.3441pt.
 [9 <./serverless_cost.pdf>]
<serverless_cost.pdf, id=194, page=10, 614.295pt x 794.97pt>
File: serverless_cost.pdf Graphic file (type pdf)
<use serverless_cost.pdf, page 10>
Package pdftex.def Info: serverless_cost.pdf , page10 used on input line 13.
(pdftex.def)             Requested size: 614.58406pt x 795.3441pt.
File: serverless_cost.pdf Graphic file (type pdf)
<use serverless_cost.pdf, page 10>
Package pdftex.def Info: serverless_cost.pdf , page10 used on input line 13.
(pdftex.def)             Requested size: 614.58406pt x 795.3441pt.
File: serverless_cost.pdf Graphic file (type pdf)
<use serverless_cost.pdf, page 10>
Package pdftex.def Info: serverless_cost.pdf , page10 used on input line 13.
(pdftex.def)             Requested size: 614.58406pt x 795.3441pt.

[10 <./serverless_cost.pdf>]
<serverless_cost.pdf, id=199, page=11, 614.295pt x 794.97pt>
File: serverless_cost.pdf Graphic file (type pdf)
<use serverless_cost.pdf, page 11>
Package pdftex.def Info: serverless_cost.pdf , page11 used on input line 13.
(pdftex.def)             Requested size: 614.58406pt x 795.3441pt.
File: serverless_cost.pdf Graphic file (type pdf)
<use serverless_cost.pdf, page 11>
Package pdftex.def Info: serverless_cost.pdf , page11 used on input line 13.
(pdftex.def)             Requested size: 614.58406pt x 795.3441pt.
File: serverless_cost.pdf Graphic file (type pdf)
<use serverless_cost.pdf, page 11>
Package pdftex.def Info: serverless_cost.pdf , page11 used on input line 13.
(pdftex.def)             Requested size: 614.58406pt x 795.3441pt.
 [11 <./serverless_cost.pdf>]
<serverless_cost.pdf, id=204, page=12, 614.295pt x 794.97pt>
File: serverless_cost.pdf Graphic file (type pdf)
<use serverless_cost.pdf, page 12>
Package pdftex.def Info: serverless_cost.pdf , page12 used on input line 13.
(pdftex.def)             Requested size: 614.58406pt x 795.3441pt.
File: serverless_cost.pdf Graphic file (type pdf)
<use serverless_cost.pdf, page 12>
Package pdftex.def Info: serverless_cost.pdf , page12 used on input line 13.
(pdftex.def)             Requested size: 614.58406pt x 795.3441pt.
File: serverless_cost.pdf Graphic file (type pdf)
<use serverless_cost.pdf, page 12>
Package pdftex.def Info: serverless_cost.pdf , page12 used on input line 13.
(pdftex.def)             Requested size: 614.58406pt x 795.3441pt.
 [12 <./serverless_cost.pdf>] (./changeforarxiv.aux)
Package rerunfilecheck Info: File `changeforarxiv.out' has not changed.
(rerunfilecheck)             Checksum: D41D8CD98F00B204E9800998ECF8427E;0.
 ) 
Here is how much of TeX's memory you used:
 9413 strings out of 478268
 149800 string characters out of 5846348
 437835 words of memory out of 5000000
 27517 multiletter control sequences out of 15000+600000
 469259 words of font info for 28 fonts, out of 8000000 for 9000
 1141 hyphenation exceptions out of 8191
 70i,17n,76p,231b,452s stack positions out of 10000i,1000n,20000p,200000b,200000s
</usr/local/texlive/2022/texmf-dist/fonts/type1/public/amsfonts/cm/cmex10.pfb
></usr/local/texlive/2022/texmf-dist/fonts/type1/public/amsfonts/cm/cmmi10.pfb>
</usr/local/texlive/2022/texmf-dist/fonts/type1/public/amsfonts/cm/cmmi5.pfb></
usr/local/texlive/2022/texmf-dist/fonts/type1/public/amsfonts/cm/cmmi7.pfb></us
r/local/texlive/2022/texmf-dist/fonts/type1/public/amsfonts/cm/cmmi8.pfb></usr/
local/texlive/2022/texmf-dist/fonts/type1/public/amsfonts/cm/cmr10.pfb></usr/lo
cal/texlive/2022/texmf-dist/fonts/type1/public/amsfonts/cm/cmr7.pfb></usr/local
/texlive/2022/texmf-dist/fonts/type1/public/amsfonts/cm/cmr8.pfb></usr/local/te
xlive/2022/texmf-dist/fonts/type1/public/amsfonts/cm/cmr9.pfb></usr/local/texli
ve/2022/texmf-dist/fonts/type1/public/amsfonts/cm/cmsy10.pfb></usr/local/texliv
e/2022/texmf-dist/fonts/type1/public/amsfonts/cm/cmsy5.pfb></usr/local/texlive/
2022/texmf-dist/fonts/type1/public/amsfonts/cm/cmsy7.pfb></usr/local/texlive/20
22/texmf-dist/fonts/type1/public/amsfonts/cm/cmsy8.pfb></usr/local/texlive/2022
/texmf-dist/fonts/type1/urw/times/utmb8a.pfb></usr/local/texlive/2022/texmf-dis
t/fonts/type1/urw/times/utmbi8a.pfb></usr/local/texlive/2022/texmf-dist/fonts/t
ype1/urw/times/utmr8a.pfb></usr/local/texlive/2022/texmf-dist/fonts/type1/urw/t
imes/utmri8a.pfb>
Output written on changeforarxiv.pdf (12 pages, 4558785 bytes).
PDF statistics:
 235 PDF objects out of 1000 (max. 8388607)
 137 compressed objects within 2 object streams
 13 named destinations out of 1000 (max. 500000)
 76 words of extra memory for PDF output out of 10000 (max. 10000000)

